android/app/build/intermediates/manifest_merge_blame_file/debug/manifest-merger-blame-debug-report.txt
1<?xml version="1.0" encoding="utf-8"?>
2<manifest xmlns:android="http://schemas.android.com/apk/res/android"
3    package="com.pollarise"
4    android:versionCode="1"
5    android:versionName="1.0" >
6
7    <uses-sdk
8        android:minSdkVersion="21"
9        android:targetSdkVersion="33" />
10
11    <uses-permission android:name="android.permission.SYSTEM_ALERT_WINDOW" />
11-->src/debug/AndroidManifest.xml:5:5-77
11-->src/debug/AndroidManifest.xml:5:22-75
12    <uses-permission android:name="android.permission.INTERNET" />
12-->src/main/AndroidManifest.xml:3:5-67
12-->src/main/AndroidManifest.xml:3:22-64
13    <uses-permission android:name="android.permission.ACCESS_WIFI_STATE" /> <!-- Required by older versions of Google Play services to create IID tokens -->
13-->[com.facebook.flipper:flipper:0.125.0] AndroidManifest.xml:16:5-76
13-->[com.facebook.flipper:flipper:0.125.0] AndroidManifest.xml:16:22-73
14    <uses-permission android:name="com.google.android.c2dm.permission.RECEIVE" />
14-->[com.google.android.gms:play-services-iid:17.0.0] AndroidManifest.xml:23:5-82
14-->[com.google.android.gms:play-services-iid:17.0.0] AndroidManifest.xml:23:22-79
15    <uses-permission android:name="com.google.android.finsky.permission.BIND_GET_INSTALL_REFERRER_SERVICE" />
15-->[com.android.installreferrer:installreferrer:1.1.2] AndroidManifest.xml:9:5-110
15-->[com.android.installreferrer:installreferrer:1.1.2] AndroidManifest.xml:9:22-107
16
17    <application
17-->src/main/AndroidManifest.xml:5:5-24:19
18        android:name="com.pollarise.MainApplication"
18-->src/main/AndroidManifest.xml:6:7-38
19        android:allowBackup="false"
19-->src/main/AndroidManifest.xml:10:7-34
20        android:appComponentFactory="androidx.core.app.CoreComponentFactory"
20-->[androidx.core:core:1.7.0] AndroidManifest.xml:24:18-86
21        android:debuggable="true"
22        android:icon="@mipmap/ic_launcher"
22-->src/main/AndroidManifest.xml:8:7-41
23        android:label="@string/app_name"
23-->src/main/AndroidManifest.xml:7:7-39
24        android:roundIcon="@mipmap/ic_launcher_round"
24-->src/main/AndroidManifest.xml:9:7-52
25        android:theme="@style/AppTheme"
25-->src/main/AndroidManifest.xml:11:7-38
26        android:usesCleartextTraffic="true" >
26-->src/debug/AndroidManifest.xml:8:9-44
27        <activity
27-->src/debug/AndroidManifest.xml:11:9-111
28            android:name="com.facebook.react.devsupport.DevSettingsActivity"
28-->src/debug/AndroidManifest.xml:11:19-83
29            android:exported="false" />
29-->src/debug/AndroidManifest.xml:11:84-108
30        <activity
30-->src/main/AndroidManifest.xml:12:7-23:18
31            android:name="com.pollarise.MainActivity"
31-->src/main/AndroidManifest.xml:13:9-37
32            android:configChanges="keyboard|keyboardHidden|orientation|screenLayout|screenSize|smallestScreenSize|uiMode"
32-->src/main/AndroidManifest.xml:15:9-118
33            android:exported="true"
33-->src/main/AndroidManifest.xml:18:9-32
34            android:label="@string/app_name"
34-->src/main/AndroidManifest.xml:14:9-41
35            android:launchMode="singleTask"
35-->src/main/AndroidManifest.xml:16:9-40
36            android:windowSoftInputMode="adjustResize" >
36-->src/main/AndroidManifest.xml:17:9-51
37            <intent-filter>
37-->src/main/AndroidManifest.xml:19:9-22:25
38                <action android:name="android.intent.action.MAIN" />
38-->src/main/AndroidManifest.xml:20:13-65
38-->src/main/AndroidManifest.xml:20:21-62
39
40                <category android:name="android.intent.category.LAUNCHER" />
40-->src/main/AndroidManifest.xml:21:13-73
40-->src/main/AndroidManifest.xml:21:23-70
41            </intent-filter>
42        </activity>
43
44        <provider
44-->[:react-native-share] AndroidManifest.xml:10:9-18:20
45            android:name="cl.json.RNShareFileProvider"
45-->[:react-native-share] AndroidManifest.xml:11:13-55
46            android:authorities="com.pollarise.rnshare.fileprovider"
46-->[:react-native-share] AndroidManifest.xml:12:13-72
47            android:exported="false"
47-->[:react-native-share] AndroidManifest.xml:13:13-37
48            android:grantUriPermissions="true" >
48-->[:react-native-share] AndroidManifest.xml:14:13-47
49            <meta-data
49-->[:react-native-share] AndroidManifest.xml:15:13-17:64
50                android:name="android.support.FILE_PROVIDER_PATHS"
50-->[:react-native-share] AndroidManifest.xml:16:17-67
51                android:resource="@xml/share_download_paths" />
51-->[:react-native-share] AndroidManifest.xml:17:17-61
52        </provider>
53
54        <activity
54-->[com.google.android.gms:play-services-base:17.5.0] AndroidManifest.xml:23:9-26:75
55            android:name="com.google.android.gms.common.api.GoogleApiActivity"
55-->[com.google.android.gms:play-services-base:17.5.0] AndroidManifest.xml:24:13-79
56            android:exported="false"
56-->[com.google.android.gms:play-services-base:17.5.0] AndroidManifest.xml:25:13-37
57            android:theme="@android:style/Theme.Translucent.NoTitleBar" />
57-->[com.google.android.gms:play-services-base:17.5.0] AndroidManifest.xml:26:13-72
58
59        <meta-data
59-->[com.google.android.gms:play-services-basement:17.5.0] AndroidManifest.xml:23:9-25:69
60            android:name="com.google.android.gms.version"
60-->[com.google.android.gms:play-services-basement:17.5.0] AndroidManifest.xml:24:13-58
61            android:value="@integer/google_play_services_version" />
61-->[com.google.android.gms:play-services-basement:17.5.0] AndroidManifest.xml:25:13-66
62
63        <provider
63-->[androidx.emoji2:emoji2:1.0.0] AndroidManifest.xml:26:9-34:20
64            android:name="androidx.startup.InitializationProvider"
64-->[androidx.emoji2:emoji2:1.0.0] AndroidManifest.xml:27:13-67
65            android:authorities="com.pollarise.androidx-startup"
65-->[androidx.emoji2:emoji2:1.0.0] AndroidManifest.xml:28:13-68
66            android:exported="false" >
66-->[androidx.emoji2:emoji2:1.0.0] AndroidManifest.xml:29:13-37
67            <meta-data
67-->[androidx.emoji2:emoji2:1.0.0] AndroidManifest.xml:31:13-33:52
68                android:name="androidx.emoji2.text.EmojiCompatInitializer"
68-->[androidx.emoji2:emoji2:1.0.0] AndroidManifest.xml:32:17-75
69                android:value="androidx.startup" />
69-->[androidx.emoji2:emoji2:1.0.0] AndroidManifest.xml:33:17-49
70            <meta-data
70-->[androidx.lifecycle:lifecycle-process:2.4.0] AndroidManifest.xml:31:13-33:52
71                android:name="androidx.lifecycle.ProcessLifecycleInitializer"
71-->[androidx.lifecycle:lifecycle-process:2.4.0] AndroidManifest.xml:32:17-78
72                android:value="androidx.startup" />
72-->[androidx.lifecycle:lifecycle-process:2.4.0] AndroidManifest.xml:33:17-49
73        </provider>
74    </application>
75
76</manifest>